0 verbose cli C:\Program Files\nodejs\node.exe C:\Users\Rand0wn\AppData\Roaming\npm\node_modules\npm\bin\npm-cli.js
1 info using npm@10.8.1
2 info using node@v20.15.1
3 silly config load:file:C:\Users\Rand0wn\AppData\Roaming\npm\node_modules\npm\npmrc
4 silly config load:file:D:\ReactClasses\swiggy\.npmrc
5 silly config load:file:C:\Users\Rand0wn\.npmrc
6 silly config load:file:C:\Users\Rand0wn\AppData\Roaming\npm\etc\npmrc
7 verbose title npm i react-router-dom
8 verbose argv "i" "react-router-dom"
9 verbose logfile logs-max:10 dir:D:\ReactClasses\swiggy\src\components\tempnpm-cache\_logs\2024-07-19T11_23_03_128Z-
10 verbose logfile D:\ReactClasses\swiggy\src\components\tempnpm-cache\_logs\2024-07-19T11_23_03_128Z-debug-0.log
11 silly packumentCache heap:2197815296 maxSize:549453824 maxEntrySize:274726912
12 silly logfile done cleaning log files
13 silly idealTree buildDeps
14 silly fetch manifest react-router-dom@^6.25.1
15 silly packumentCache full:https://registry.npmjs.org/react-router-dom cache-miss
16 http fetch GET https://registry.npmjs.org/npm attempt 1 failed with ENOTFOUND
17 http fetch GET https://registry.npmjs.org/react-router-dom attempt 1 failed with ENOTFOUND
18 http fetch GET https://registry.npmjs.org/npm attempt 2 failed with ENOENT
19 http fetch GET https://registry.npmjs.org/react-router-dom attempt 2 failed with ENOENT
20 http fetch GET 200 https://registry.npmjs.org/npm 91504ms attempt #3
21 http fetch GET 200 https://registry.npmjs.org/react-router-dom 91652ms attempt #3 (cache miss)
22 silly packumentCache full:https://registry.npmjs.org/react-router-dom set size:undefined disposed:false
23 silly placeDep ROOT react-router-dom@6.25.1 REPLACE for: swiggy@1.0.0 want: ^6.25.1
24 silly reify moves {}
25 silly audit bulk request {
25 silly audit   '@alloc/quick-lru': [ '5.2.0' ],
25 silly audit   '@babel/code-frame': [ '7.24.7' ],
25 silly audit   '@babel/helper-validator-identifier': [ '7.24.7' ],
25 silly audit   '@babel/highlight': [ '7.24.7' ],
25 silly audit   'ansi-styles': [ '3.2.1', '4.3.0', '6.2.1' ],
25 silly audit   chalk: [ '2.4.2', '4.1.2' ],
25 silly audit   'color-convert': [ '1.9.3', '2.0.1' ],
25 silly audit   'color-name': [ '1.1.3', '1.1.4' ],
25 silly audit   'has-flag': [ '3.0.0', '4.0.0' ],
25 silly audit   'supports-color': [ '5.5.0', '7.2.0' ],
25 silly audit   '@isaacs/cliui': [ '8.0.2' ],
25 silly audit   '@jridgewell/gen-mapping': [ '0.3.5' ],
25 silly audit   '@jridgewell/resolve-uri': [ '3.1.2' ],
25 silly audit   '@jridgewell/set-array': [ '1.2.1' ],
25 silly audit   '@jridgewell/sourcemap-codec': [ '1.5.0' ],
25 silly audit   '@jridgewell/trace-mapping': [ '0.3.25' ],
25 silly audit   '@lezer/common': [ '1.2.1' ],
25 silly audit   '@lezer/lr': [ '1.4.1' ],
25 silly audit   '@lmdb/lmdb-darwin-arm64': [ '2.8.5' ],
25 silly audit   '@lmdb/lmdb-darwin-x64': [ '2.8.5' ],
25 silly audit   '@lmdb/lmdb-linux-arm': [ '2.8.5' ],
25 silly audit   '@lmdb/lmdb-linux-arm64': [ '2.8.5' ],
25 silly audit   '@lmdb/lmdb-linux-x64': [ '2.8.5' ],
25 silly audit   '@lmdb/lmdb-win32-x64': [ '2.8.5' ],
25 silly audit   '@mischnic/json-sourcemap': [ '0.1.1' ],
25 silly audit   '@msgpackr-extract/msgpackr-extract-darwin-arm64': [ '3.0.3' ],
25 silly audit   '@msgpackr-extract/msgpackr-extract-darwin-x64': [ '3.0.3' ],
25 silly audit   '@msgpackr-extract/msgpackr-extract-linux-arm': [ '3.0.3' ],
25 silly audit   '@msgpackr-extract/msgpackr-extract-linux-arm64': [ '3.0.3' ],
25 silly audit   '@msgpackr-extract/msgpackr-extract-linux-x64': [ '3.0.3' ],
25 silly audit   '@msgpackr-extract/msgpackr-extract-win32-x64': [ '3.0.3' ],
25 silly audit   '@nodelib/fs.scandir': [ '2.1.5' ],
25 silly audit   '@nodelib/fs.stat': [ '2.0.5' ],
25 silly audit   '@nodelib/fs.walk': [ '1.2.8' ],
25 silly audit   '@parcel/bundler-default': [ '2.12.0' ],
25 silly audit   '@parcel/cache': [ '2.12.0' ],
25 silly audit   '@parcel/codeframe': [ '2.12.0' ],
25 silly audit   '@parcel/compressor-raw': [ '2.12.0' ],
25 silly audit   '@parcel/config-default': [ '2.12.0' ],
25 silly audit   '@parcel/core': [ '2.12.0' ],
25 silly audit   '@parcel/diagnostic': [ '2.12.0' ],
25 silly audit   '@parcel/events': [ '2.12.0' ],
25 silly audit   '@parcel/fs': [ '2.12.0' ],
25 silly audit   '@parcel/graph': [ '3.2.0' ],
25 silly audit   '@parcel/logger': [ '2.12.0' ],
25 silly audit   '@parcel/markdown-ansi': [ '2.12.0' ],
25 silly audit   '@parcel/namer-default': [ '2.12.0' ],
25 silly audit   '@parcel/node-resolver-core': [ '3.3.0' ],
25 silly audit   '@parcel/optimizer-css': [ '2.12.0' ],
25 silly audit   '@parcel/optimizer-htmlnano': [ '2.12.0' ],
25 silly audit   '@parcel/optimizer-image': [ '2.12.0' ],
25 silly audit   '@parcel/optimizer-svgo': [ '2.12.0' ],
25 silly audit   '@parcel/optimizer-swc': [ '2.12.0' ],
25 silly audit   '@parcel/package-manager': [ '2.12.0' ],
25 silly audit   '@parcel/packager-css': [ '2.12.0' ],
25 silly audit   '@parcel/packager-html': [ '2.12.0' ],
25 silly audit   '@parcel/packager-js': [ '2.12.0' ],
25 silly audit   '@parcel/packager-raw': [ '2.12.0' ],
25 silly audit   '@parcel/packager-svg': [ '2.12.0' ],
25 silly audit   '@parcel/packager-wasm': [ '2.12.0' ],
25 silly audit   '@parcel/plugin': [ '2.12.0' ],
25 silly audit   '@parcel/profiler': [ '2.12.0' ],
25 silly audit   '@parcel/reporter-cli': [ '2.12.0' ],
25 silly audit   '@parcel/reporter-dev-server': [ '2.12.0' ],
25 silly audit   '@parcel/reporter-tracer': [ '2.12.0' ],
25 silly audit   '@parcel/resolver-default': [ '2.12.0' ],
25 silly audit   '@parcel/runtime-browser-hmr': [ '2.12.0' ],
25 silly audit   '@parcel/runtime-js': [ '2.12.0' ],
25 silly audit   '@parcel/runtime-react-refresh': [ '2.12.0' ],
25 silly audit   '@parcel/runtime-service-worker': [ '2.12.0' ],
25 silly audit   '@parcel/rust': [ '2.12.0' ],
25 silly audit   '@parcel/source-map': [ '2.1.1' ],
25 silly audit   '@parcel/transformer-babel': [ '2.12.0' ],
25 silly audit   '@parcel/transformer-css': [ '2.12.0' ],
25 silly audit   '@parcel/transformer-html': [ '2.12.0' ],
25 silly audit   '@parcel/transformer-image': [ '2.12.0' ],
25 silly audit   '@parcel/transformer-js': [ '2.12.0' ],
25 silly audit   '@parcel/transformer-json': [ '2.12.0' ],
25 silly audit   '@parcel/transformer-postcss': [ '2.12.0' ],
25 silly audit   '@parcel/transformer-posthtml': [ '2.12.0' ],
25 silly audit   '@parcel/transformer-raw': [ '2.12.0' ],
25 silly audit   '@parcel/transformer-react-refresh-wrap': [ '2.12.0' ],
25 silly audit   '@parcel/transformer-svg': [ '2.12.0' ],
25 silly audit   '@parcel/types': [ '2.12.0' ],
25 silly audit   '@parcel/utils': [ '2.12.0' ],
25 silly audit   '@parcel/watcher': [ '2.4.1' ],
25 silly audit   '@parcel/watcher-android-arm64': [ '2.4.1' ],
25 silly audit   '@parcel/watcher-darwin-arm64': [ '2.4.1' ],
25 silly audit   '@parcel/watcher-darwin-x64': [ '2.4.1' ],
25 silly audit   '@parcel/watcher-freebsd-x64': [ '2.4.1' ],
25 silly audit   '@parcel/watcher-linux-arm-glibc': [ '2.4.1' ],
25 silly audit   '@parcel/watcher-linux-arm64-glibc': [ '2.4.1' ],
25 silly audit   '@parcel/watcher-linux-arm64-musl': [ '2.4.1' ],
25 silly audit   '@parcel/watcher-linux-x64-glibc': [ '2.4.1' ],
25 silly audit   '@parcel/watcher-linux-x64-musl': [ '2.4.1' ],
25 silly audit   '@parcel/watcher-win32-arm64': [ '2.4.1' ],
25 silly audit   '@parcel/watcher-win32-ia32': [ '2.4.1' ],
25 silly audit   '@parcel/watcher-win32-x64': [ '2.4.1' ],
25 silly audit   '@parcel/workers': [ '2.12.0' ],
25 silly audit   '@pkgjs/parseargs': [ '0.11.0' ],
25 silly audit   '@remix-run/router': [ '1.18.0' ],
25 silly audit   '@swc/core': [ '1.6.13' ],
25 silly audit   '@swc/core-darwin-arm64': [ '1.6.13' ],
25 silly audit   '@swc/core-darwin-x64': [ '1.6.13' ],
25 silly audit   '@swc/core-linux-arm-gnueabihf': [ '1.6.13' ],
25 silly audit   '@swc/core-linux-arm64-gnu': [ '1.6.13' ],
25 silly audit   '@swc/core-linux-arm64-musl': [ '1.6.13' ],
25 silly audit   '@swc/core-linux-x64-gnu': [ '1.6.13' ],
25 silly audit   '@swc/core-linux-x64-musl': [ '1.6.13' ],
25 silly audit   '@swc/core-win32-arm64-msvc': [ '1.6.13' ],
25 silly audit   '@swc/core-win32-ia32-msvc': [ '1.6.13' ],
25 silly audit   '@swc/core-win32-x64-msvc': [ '1.6.13' ],
25 silly audit   '@swc/counter': [ '0.1.3' ],
25 silly audit   '@swc/helpers': [ '0.5.11' ],
25 silly audit   '@swc/types': [ '0.1.9' ],
25 silly audit   '@trysound/sax': [ '0.2.0' ],
25 silly audit   'abortcontroller-polyfill': [ '1.7.5' ],
25 silly audit   'ansi-regex': [ '6.0.1', '5.0.1' ],
25 silly audit   'any-promise': [ '1.3.0' ],
25 silly audit   anymatch: [ '3.1.3' ],
25 silly audit   arg: [ '5.0.2' ],
25 silly audit   argparse: [ '2.0.1' ],
25 silly audit   asynckit: [ '0.4.0' ],
25 silly audit   axios: [ '1.7.2' ],
25 silly audit   'balanced-match': [ '1.0.2' ],
25 silly audit   'base-x': [ '3.0.10' ],
25 silly audit   'base64-js': [ '1.5.1' ],
25 silly audit   'binary-extensions': [ '2.3.0' ],
25 silly audit   boolbase: [ '1.0.0' ],
25 silly audit   'brace-expansion': [ '2.0.1' ],
25 silly audit   braces: [ '3.0.3' ],
25 silly audit   browserslist: [ '4.23.1' ],
25 silly audit   buffer: [ '6.0.3' ],
25 silly audit   callsites: [ '3.1.0' ],
25 silly audit   'camelcase-css': [ '2.0.1' ],
25 silly audit   'caniuse-lite': [ '1.0.30001640' ],
25 silly audit   chokidar: [ '3.6.0' ],
25 silly audit   'glob-parent': [ '5.1.2', '6.0.2' ],
25 silly audit   'chrome-trace-event': [ '1.0.4' ],
25 silly audit   clone: [ '2.1.2' ],
25 silly audit   'combined-stream': [ '1.0.8' ],
25 silly audit   commander: [ '7.2.0', '4.1.1' ],
25 silly audit   cosmiconfig: [ '9.0.0' ],
25 silly audit   'cross-spawn': [ '7.0.3' ],
25 silly audit   'css-select': [ '4.3.0' ],
25 silly audit   'css-tree': [ '1.1.3' ],
25 silly audit   'css-what': [ '6.1.0' ],
25 silly audit   cssesc: [ '3.0.0' ],
25 silly audit   csso: [ '4.2.0' ],
25 silly audit   'delayed-stream': [ '1.0.0' ],
25 silly audit   'detect-libc': [ '1.0.3', '2.0.3' ],
25 silly audit   didyoumean: [ '1.2.2' ],
25 silly audit   dlv: [ '1.1.3' ],
25 silly audit   'dom-serializer': [ '1.4.1' ],
25 silly audit   entities: [ '2.2.0', '3.0.1' ],
25 silly audit   domelementtype: [ '2.3.0' ],
25 silly audit   domhandler: [ '4.3.1' ],
25 silly audit   domutils: [ '2.8.0' ],
25 silly audit   dotenv: [ '7.0.0' ],
25 silly audit   'dotenv-expand': [ '5.1.0' ],
25 silly audit   eastasianwidth: [ '0.2.0' ],
25 silly audit   'electron-to-chromium': [ '1.4.820' ],
25 silly audit   'emoji-regex': [ '9.2.2', '8.0.0' ],
25 silly audit   'env-paths': [ '2.2.1' ],
25 silly audit   'error-ex': [ '1.3.2' ],
25 silly audit   escalade: [ '3.1.2' ],
25 silly audit   'escape-string-regexp': [ '1.0.5' ],
25 silly audit   'fast-glob': [ '3.3.2' ],
25 silly audit   fastq: [ '1.17.1' ],
25 silly audit   'fill-range': [ '7.1.1' ],
25 silly audit   'follow-redirects': [ '1.15.6' ],
25 silly audit   'foreground-child': [ '3.2.1' ],
25 silly audit   'form-data': [ '4.0.0' ],
25 silly audit   fsevents: [ '2.3.3' ],
25 silly audit   'function-bind': [ '1.1.2' ],
25 silly audit   'get-port': [ '4.2.0' ],
25 silly audit   glob: [ '10.4.5' ],
25 silly audit   globals: [ '13.24.0' ],
25 silly audit   hasown: [ '2.0.2' ],
25 silly audit   htmlnano: [ '2.1.1' ],
25 silly audit   htmlparser2: [ '7.2.0' ],
25 silly audit   ieee754: [ '1.2.1' ],
25 silly audit   'import-fresh': [ '3.3.0' ],
25 silly audit   'is-arrayish': [ '0.2.1' ],
25 silly audit   'is-binary-path': [ '2.1.0' ],
25 silly audit   'is-core-module': [ '2.14.0' ],
25 silly audit   'is-extglob': [ '2.1.1' ],
25 silly audit   'is-fullwidth-code-point': [ '3.0.0' ],
25 silly audit   'is-glob': [ '4.0.3' ],
25 silly audit   'is-json': [ '2.0.1' ],
25 silly audit   'is-number': [ '7.0.0' ],
25 silly audit   isexe: [ '2.0.0' ],
25 silly audit   jackspeak: [ '3.4.3' ],
25 silly audit   jiti: [ '1.21.6' ],
25 silly audit   'js-tokens': [ '4.0.0' ],
25 silly audit   'js-yaml': [ '4.1.0' ],
25 silly audit   'json-parse-even-better-errors': [ '2.3.1' ],
25 silly audit   json5: [ '2.2.3' ],
25 silly audit   lightningcss: [ '1.25.1' ],
25 silly audit   'lightningcss-darwin-arm64': [ '1.25.1' ],
25 silly audit   'lightningcss-darwin-x64': [ '1.25.1' ],
25 silly audit   'lightningcss-freebsd-x64': [ '1.25.1' ],
25 silly audit   'lightningcss-linux-arm-gnueabihf': [ '1.25.1' ],
25 silly audit   'lightningcss-linux-arm64-gnu': [ '1.25.1' ],
25 silly audit   'lightningcss-linux-arm64-musl': [ '1.25.1' ],
25 silly audit   'lightningcss-linux-x64-gnu': [ '1.25.1' ],
25 silly audit   'lightningcss-linux-x64-musl': [ '1.25.1' ],
25 silly audit   'lightningcss-win32-x64-msvc': [ '1.25.1' ],
25 silly audit   lilconfig: [ '2.1.0', '3.1.2' ],
25 silly audit   'lines-and-columns': [ '1.2.4' ],
25 silly audit   lmdb: [ '2.8.5' ],
25 silly audit   'node-addon-api': [ '6.1.0', '7.1.0' ],
25 silly audit   'loose-envify': [ '1.4.0' ],
25 silly audit   'lru-cache': [ '10.4.3' ],
25 silly audit   'mdn-data': [ '2.0.14' ],
25 silly audit   merge2: [ '1.4.1' ],
25 silly audit   micromatch: [ '4.0.7' ],
25 silly audit   'mime-db': [ '1.52.0' ],
25 silly audit   'mime-types': [ '2.1.35' ],
25 silly audit   minimatch: [ '9.0.5' ],
25 silly audit   minipass: [ '7.1.2' ],
25 silly audit   msgpackr: [ '1.10.2' ],
25 silly audit   'msgpackr-extract': [ '3.0.3' ],
25 silly audit   'node-gyp-build-optional-packages': [ '5.2.2', '5.1.1' ],
25 silly audit   mz: [ '2.7.0' ],
25 silly audit   nanoid: [ '3.3.7' ],
25 silly audit   'node-releases': [ '2.0.14' ],
25 silly audit   'normalize-path': [ '3.0.0' ],
25 silly audit   'nth-check': [ '2.1.1' ],
25 silly audit   nullthrows: [ '1.1.1' ],
25 silly audit   'object-assign': [ '4.1.1' ],
25 silly audit   'object-hash': [ '3.0.0' ],
25 silly audit   'ordered-binary': [ '1.5.1' ],
25 silly audit   'package-json-from-dist': [ '1.0.0' ],
25 silly audit   parcel: [ '2.12.0' ],
25 silly audit   'parent-module': [ '1.0.1' ],
25 silly audit   'parse-json': [ '5.2.0' ],
25 silly audit   'path-key': [ '3.1.1' ],
25 silly audit   'path-parse': [ '1.0.7' ],
25 silly audit   'path-scurry': [ '1.11.1' ],
25 silly audit   picocolors: [ '1.0.1' ],
25 silly audit   picomatch: [ '2.3.1' ],
25 silly audit   pify: [ '2.3.0' ],
25 silly audit   pirates: [ '4.0.6' ],
25 silly audit   postcss: [ '8.4.39' ],
25 silly audit   'postcss-import': [ '15.1.0' ],
25 silly audit   'postcss-js': [ '4.0.1' ],
25 silly audit   'postcss-load-config': [ '4.0.2' ],
25 silly audit   'postcss-nested': [ '6.0.1' ],
25 silly audit   'postcss-selector-parser': [ '6.1.1' ],
25 silly audit   'postcss-value-parser': [ '4.2.0' ],
25 silly audit   posthtml: [ '0.16.6' ],
25 silly audit   'posthtml-parser': [ '0.10.2', '0.11.0' ],
25 silly audit   'posthtml-render': [ '3.0.0' ],
25 silly audit   process: [ '0.11.10' ],
25 silly audit   'proxy-from-env': [ '1.1.0' ],
25 silly audit   'queue-microtask': [ '1.2.3' ],
25 silly audit   react: [ '18.3.1' ],
25 silly audit   'react-dom': [ '18.3.1' ],
25 silly audit   'react-error-overlay': [ '6.0.9' ],
25 silly audit   'react-refresh': [ '0.9.0' ],
25 silly audit   'react-router': [ '6.25.1' ],
25 silly audit   'read-cache': [ '1.0.0' ],
25 silly audit   readdirp: [ '3.6.0' ],
25 silly audit   'regenerator-runtime': [ '0.13.11' ],
25 silly audit   resolve: [ '1.22.8' ],
25 silly audit   'resolve-from': [ '4.0.0' ],
25 silly audit   reusify: [ '1.0.4' ],
25 silly audit   'run-parallel': [ '1.2.0' ],
25 silly audit   'safe-buffer': [ '5.2.1' ],
25 silly audit   scheduler: [ '0.23.2' ],
25 silly audit   semver: [ '7.6.2' ],
25 silly audit   'shebang-command': [ '2.0.0' ],
25 silly audit   'shebang-regex': [ '3.0.0' ],
25 silly audit   'signal-exit': [ '4.1.0' ],
25 silly audit   'source-map': [ '0.6.1' ],
25 silly audit   'source-map-js': [ '1.2.0' ],
25 silly audit   srcset: [ '4.0.0' ],
25 silly audit   stable: [ '0.1.8' ],
25 silly audit   'string-width': [ '5.1.2', '4.2.3' ],
25 silly audit   'strip-ansi': [ '6.0.1', '7.1.0' ],
25 silly audit   sucrase: [ '3.35.0' ],
25 silly audit   'supports-preserve-symlinks-flag': [ '1.0.0' ],
25 silly audit   svgo: [ '2.8.0' ],
25 silly audit   tailwindcss: [ '3.4.4' ],
25 silly audit   'term-size': [ '2.2.1' ],
25 silly audit   thenify: [ '3.3.1' ],
25 silly audit   'thenify-all': [ '1.6.0' ],
25 silly audit   timsort: [ '0.3.0' ],
25 silly audit   'to-regex-range': [ '5.0.1' ],
25 silly audit   'ts-interface-checker': [ '0.1.13' ],
25 silly audit   tslib: [ '2.6.3' ],
25 silly audit   'type-fest': [ '0.20.2' ],
25 silly audit   'update-browserslist-db': [ '1.1.0' ],
25 silly audit   'util-deprecate': [ '1.0.2' ],
25 silly audit   'utility-types': [ '3.11.0' ],
25 silly audit   'weak-lru-cache': [ '1.2.2' ],
25 silly audit   which: [ '2.0.2' ],
25 silly audit   'wrap-ansi': [ '8.1.0', '7.0.0' ],
25 silly audit   yaml: [ '2.4.5' ],
25 silly audit   'react-router-dom': [ '6.25.1' ]
25 silly audit }
26 verbose reify failed optional dependency D:\ReactClasses\swiggy\node_modules\lightningcss-linux-x64-musl
27 silly reify mark deleted [
27 silly reify   'D:\\ReactClasses\\swiggy\\node_modules\\lightningcss-linux-x64-musl'
27 silly reify ]
28 verbose reify failed optional dependency D:\ReactClasses\swiggy\node_modules\lightningcss-linux-x64-gnu
29 silly reify mark deleted [
29 silly reify   'D:\\ReactClasses\\swiggy\\node_modules\\lightningcss-linux-x64-gnu'
29 silly reify ]
30 verbose reify failed optional dependency D:\ReactClasses\swiggy\node_modules\lightningcss-linux-arm64-musl
31 silly reify mark deleted [
31 silly reify   'D:\\ReactClasses\\swiggy\\node_modules\\lightningcss-linux-arm64-musl'
31 silly reify ]
32 verbose reify failed optional dependency D:\ReactClasses\swiggy\node_modules\lightningcss-linux-arm64-gnu
33 silly reify mark deleted [
33 silly reify   'D:\\ReactClasses\\swiggy\\node_modules\\lightningcss-linux-arm64-gnu'
33 silly reify ]
34 verbose reify failed optional dependency D:\ReactClasses\swiggy\node_modules\lightningcss-linux-arm-gnueabihf
35 silly reify mark deleted [
35 silly reify   'D:\\ReactClasses\\swiggy\\node_modules\\lightningcss-linux-arm-gnueabihf'
35 silly reify ]
36 verbose reify failed optional dependency D:\ReactClasses\swiggy\node_modules\lightningcss-freebsd-x64
37 silly reify mark deleted [ 'D:\\ReactClasses\\swiggy\\node_modules\\lightningcss-freebsd-x64' ]
38 verbose reify failed optional dependency D:\ReactClasses\swiggy\node_modules\lightningcss-darwin-x64
39 silly reify mark deleted [ 'D:\\ReactClasses\\swiggy\\node_modules\\lightningcss-darwin-x64' ]
40 verbose reify failed optional dependency D:\ReactClasses\swiggy\node_modules\lightningcss-darwin-arm64
41 silly reify mark deleted [ 'D:\\ReactClasses\\swiggy\\node_modules\\lightningcss-darwin-arm64' ]
42 verbose reify failed optional dependency D:\ReactClasses\swiggy\node_modules\fsevents
43 silly reify mark deleted [ 'D:\\ReactClasses\\swiggy\\node_modules\\fsevents' ]
44 verbose reify failed optional dependency D:\ReactClasses\swiggy\node_modules\@swc\core-win32-ia32-msvc
45 silly reify mark deleted [
45 silly reify   'D:\\ReactClasses\\swiggy\\node_modules\\@swc\\core-win32-ia32-msvc'
45 silly reify ]
46 verbose reify failed optional dependency D:\ReactClasses\swiggy\node_modules\@swc\core-win32-arm64-msvc
47 silly reify mark deleted [
47 silly reify   'D:\\ReactClasses\\swiggy\\node_modules\\@swc\\core-win32-arm64-msvc'
47 silly reify ]
48 verbose reify failed optional dependency D:\ReactClasses\swiggy\node_modules\@swc\core-linux-x64-musl
49 silly reify mark deleted [ 'D:\\ReactClasses\\swiggy\\node_modules\\@swc\\core-linux-x64-musl' ]
50 verbose reify failed optional dependency D:\ReactClasses\swiggy\node_modules\@swc\core-linux-x64-gnu
51 silly reify mark deleted [ 'D:\\ReactClasses\\swiggy\\node_modules\\@swc\\core-linux-x64-gnu' ]
52 verbose reify failed optional dependency D:\ReactClasses\swiggy\node_modules\@swc\core-linux-arm64-musl
53 silly reify mark deleted [
53 silly reify   'D:\\ReactClasses\\swiggy\\node_modules\\@swc\\core-linux-arm64-musl'
53 silly reify ]
54 verbose reify failed optional dependency D:\ReactClasses\swiggy\node_modules\@swc\core-linux-arm64-gnu
55 silly reify mark deleted [
55 silly reify   'D:\\ReactClasses\\swiggy\\node_modules\\@swc\\core-linux-arm64-gnu'
55 silly reify ]
56 verbose reify failed optional dependency D:\ReactClasses\swiggy\node_modules\@swc\core-linux-arm-gnueabihf
57 silly reify mark deleted [
57 silly reify   'D:\\ReactClasses\\swiggy\\node_modules\\@swc\\core-linux-arm-gnueabihf'
57 silly reify ]
58 verbose reify failed optional dependency D:\ReactClasses\swiggy\node_modules\@swc\core-darwin-x64
59 silly reify mark deleted [ 'D:\\ReactClasses\\swiggy\\node_modules\\@swc\\core-darwin-x64' ]
60 verbose reify failed optional dependency D:\ReactClasses\swiggy\node_modules\@swc\core-darwin-arm64
61 silly reify mark deleted [ 'D:\\ReactClasses\\swiggy\\node_modules\\@swc\\core-darwin-arm64' ]
62 verbose reify failed optional dependency D:\ReactClasses\swiggy\node_modules\@parcel\watcher-win32-ia32
63 silly reify mark deleted [
63 silly reify   'D:\\ReactClasses\\swiggy\\node_modules\\@parcel\\watcher-win32-ia32'
63 silly reify ]
64 verbose reify failed optional dependency D:\ReactClasses\swiggy\node_modules\@parcel\watcher-win32-arm64
65 silly reify mark deleted [
65 silly reify   'D:\\ReactClasses\\swiggy\\node_modules\\@parcel\\watcher-win32-arm64'
65 silly reify ]
66 verbose reify failed optional dependency D:\ReactClasses\swiggy\node_modules\@parcel\watcher-linux-x64-musl
67 silly reify mark deleted [
67 silly reify   'D:\\ReactClasses\\swiggy\\node_modules\\@parcel\\watcher-linux-x64-musl'
67 silly reify ]
68 verbose reify failed optional dependency D:\ReactClasses\swiggy\node_modules\@parcel\watcher-linux-x64-glibc
69 silly reify mark deleted [
69 silly reify   'D:\\ReactClasses\\swiggy\\node_modules\\@parcel\\watcher-linux-x64-glibc'
69 silly reify ]
70 verbose reify failed optional dependency D:\ReactClasses\swiggy\node_modules\@parcel\watcher-linux-arm64-musl
71 silly reify mark deleted [
71 silly reify   'D:\\ReactClasses\\swiggy\\node_modules\\@parcel\\watcher-linux-arm64-musl'
71 silly reify ]
72 verbose reify failed optional dependency D:\ReactClasses\swiggy\node_modules\@parcel\watcher-linux-arm64-glibc
73 silly reify mark deleted [
73 silly reify   'D:\\ReactClasses\\swiggy\\node_modules\\@parcel\\watcher-linux-arm64-glibc'
73 silly reify ]
74 verbose reify failed optional dependency D:\ReactClasses\swiggy\node_modules\@parcel\watcher-linux-arm-glibc
75 silly reify mark deleted [
75 silly reify   'D:\\ReactClasses\\swiggy\\node_modules\\@parcel\\watcher-linux-arm-glibc'
75 silly reify ]
76 verbose reify failed optional dependency D:\ReactClasses\swiggy\node_modules\@parcel\watcher-freebsd-x64
77 silly reify mark deleted [
77 silly reify   'D:\\ReactClasses\\swiggy\\node_modules\\@parcel\\watcher-freebsd-x64'
77 silly reify ]
78 verbose reify failed optional dependency D:\ReactClasses\swiggy\node_modules\@parcel\watcher-darwin-x64
79 silly reify mark deleted [
79 silly reify   'D:\\ReactClasses\\swiggy\\node_modules\\@parcel\\watcher-darwin-x64'
79 silly reify ]
80 verbose reify failed optional dependency D:\ReactClasses\swiggy\node_modules\@parcel\watcher-darwin-arm64
81 silly reify mark deleted [
81 silly reify   'D:\\ReactClasses\\swiggy\\node_modules\\@parcel\\watcher-darwin-arm64'
81 silly reify ]
82 verbose reify failed optional dependency D:\ReactClasses\swiggy\node_modules\@parcel\watcher-android-arm64
83 silly reify mark deleted [
83 silly reify   'D:\\ReactClasses\\swiggy\\node_modules\\@parcel\\watcher-android-arm64'
83 silly reify ]
84 verbose reify failed optional dependency D:\ReactClasses\swiggy\node_modules\@msgpackr-extract\msgpackr-extract-linux-x64
85 silly reify mark deleted [
85 silly reify   'D:\\ReactClasses\\swiggy\\node_modules\\@msgpackr-extract\\msgpackr-extract-linux-x64'
85 silly reify ]
86 verbose reify failed optional dependency D:\ReactClasses\swiggy\node_modules\@msgpackr-extract\msgpackr-extract-linux-arm64
87 silly reify mark deleted [
87 silly reify   'D:\\ReactClasses\\swiggy\\node_modules\\@msgpackr-extract\\msgpackr-extract-linux-arm64'
87 silly reify ]
88 verbose reify failed optional dependency D:\ReactClasses\swiggy\node_modules\@msgpackr-extract\msgpackr-extract-linux-arm
89 silly reify mark deleted [
89 silly reify   'D:\\ReactClasses\\swiggy\\node_modules\\@msgpackr-extract\\msgpackr-extract-linux-arm'
89 silly reify ]
90 verbose reify failed optional dependency D:\ReactClasses\swiggy\node_modules\@msgpackr-extract\msgpackr-extract-darwin-x64
91 silly reify mark deleted [
91 silly reify   'D:\\ReactClasses\\swiggy\\node_modules\\@msgpackr-extract\\msgpackr-extract-darwin-x64'
91 silly reify ]
92 verbose reify failed optional dependency D:\ReactClasses\swiggy\node_modules\@msgpackr-extract\msgpackr-extract-darwin-arm64
93 silly reify mark deleted [
93 silly reify   'D:\\ReactClasses\\swiggy\\node_modules\\@msgpackr-extract\\msgpackr-extract-darwin-arm64'
93 silly reify ]
94 verbose reify failed optional dependency D:\ReactClasses\swiggy\node_modules\@lmdb\lmdb-linux-x64
95 silly reify mark deleted [ 'D:\\ReactClasses\\swiggy\\node_modules\\@lmdb\\lmdb-linux-x64' ]
96 verbose reify failed optional dependency D:\ReactClasses\swiggy\node_modules\@lmdb\lmdb-linux-arm64
97 silly reify mark deleted [ 'D:\\ReactClasses\\swiggy\\node_modules\\@lmdb\\lmdb-linux-arm64' ]
98 verbose reify failed optional dependency D:\ReactClasses\swiggy\node_modules\@lmdb\lmdb-linux-arm
99 silly reify mark deleted [ 'D:\\ReactClasses\\swiggy\\node_modules\\@lmdb\\lmdb-linux-arm' ]
100 verbose reify failed optional dependency D:\ReactClasses\swiggy\node_modules\@lmdb\lmdb-darwin-x64
101 silly reify mark deleted [ 'D:\\ReactClasses\\swiggy\\node_modules\\@lmdb\\lmdb-darwin-x64' ]
102 verbose reify failed optional dependency D:\ReactClasses\swiggy\node_modules\@lmdb\lmdb-darwin-arm64
103 silly reify mark deleted [ 'D:\\ReactClasses\\swiggy\\node_modules\\@lmdb\\lmdb-darwin-arm64' ]
104 http fetch POST 200 https://registry.npmjs.org/-/npm/v1/security/advisories/bulk 407ms
105 silly audit report {}
106 silly ADD
107 silly ADD
108 silly ADD
109 silly ADD
110 silly ADD
111 silly ADD
112 silly ADD
113 silly ADD
114 silly ADD
115 silly ADD
116 silly ADD
117 silly ADD
118 silly ADD
119 silly ADD
120 silly ADD
121 silly ADD
122 silly ADD
123 silly ADD
124 silly ADD
125 silly ADD
126 silly ADD
127 silly ADD
128 silly ADD
129 silly ADD
130 silly ADD
131 silly ADD
132 silly ADD
133 silly ADD
134 silly ADD
135 silly ADD
136 silly ADD
137 silly ADD
138 silly ADD
139 silly ADD
140 silly ADD
141 silly ADD
142 silly ADD
143 silly ADD
144 silly ADD
145 verbose cwd D:\ReactClasses\swiggy\src\components
146 verbose os Windows_NT 10.0.19045
147 verbose node v20.15.1
148 verbose npm  v10.8.1
149 notice
149 notice New [36mpatch[39m version of npm available! [36m10.8.1[39m -> [34m10.8.2[39m
149 notice Changelog: [34mhttps://github.com/npm/cli/releases/tag/v10.8.2[39m
149 notice To update run: [4mnpm install -g npm@10.8.2[24m
149 notice  { force: true, [Symbol(proc-log.meta)]: true }
150 verbose exit 0
151 info ok
