0 verbose cli C:\Program Files\nodejs\node.exe C:\Users\Rand0wn\AppData\Roaming\npm\node_modules\npm\bin\npm-cli.js
1 info using npm@10.8.1
2 info using node@v20.15.1
3 silly config load:file:C:\Users\Rand0wn\AppData\Roaming\npm\node_modules\npm\npmrc
4 silly config load:file:D:\ReactClasses\swiggy\.npmrc
5 silly config load:file:C:\Users\Rand0wn\.npmrc
6 silly config load:file:C:\Users\Rand0wn\AppData\Roaming\npm\etc\npmrc
7 verbose title npm i react-icons
8 verbose argv "i" "react-icons"
9 verbose logfile logs-max:10 dir:D:\ReactClasses\swiggy\src\components\tempnpm-cache\_logs\2024-07-19T13_17_00_386Z-
10 verbose logfile D:\ReactClasses\swiggy\src\components\tempnpm-cache\_logs\2024-07-19T13_17_00_386Z-debug-0.log
11 silly packumentCache heap:2197815296 maxSize:549453824 maxEntrySize:274726912
12 silly logfile done cleaning log files
13 silly idealTree buildDeps
14 silly fetch manifest react-icons@*
15 silly packumentCache full:https://registry.npmjs.org/react-icons cache-miss
16 http fetch GET 200 https://registry.npmjs.org/react-icons 1318ms (cache miss)
17 silly packumentCache full:https://registry.npmjs.org/react-icons set size:undefined disposed:false
18 silly placeDep ROOT react-icons@5.2.1 OK for: swiggy@1.0.0 want: *
19 silly reify moves {}
20 silly audit bulk request {
20 silly audit   '@alloc/quick-lru': [ '5.2.0' ],
20 silly audit   '@babel/code-frame': [ '7.24.7' ],
20 silly audit   '@babel/helper-validator-identifier': [ '7.24.7' ],
20 silly audit   '@babel/highlight': [ '7.24.7' ],
20 silly audit   'ansi-styles': [ '3.2.1', '4.3.0', '6.2.1' ],
20 silly audit   chalk: [ '2.4.2', '4.1.2' ],
20 silly audit   'color-convert': [ '1.9.3', '2.0.1' ],
20 silly audit   'color-name': [ '1.1.3', '1.1.4' ],
20 silly audit   'has-flag': [ '3.0.0', '4.0.0' ],
20 silly audit   'supports-color': [ '5.5.0', '7.2.0' ],
20 silly audit   '@isaacs/cliui': [ '8.0.2' ],
20 silly audit   '@jridgewell/gen-mapping': [ '0.3.5' ],
20 silly audit   '@jridgewell/resolve-uri': [ '3.1.2' ],
20 silly audit   '@jridgewell/set-array': [ '1.2.1' ],
20 silly audit   '@jridgewell/sourcemap-codec': [ '1.5.0' ],
20 silly audit   '@jridgewell/trace-mapping': [ '0.3.25' ],
20 silly audit   '@lezer/common': [ '1.2.1' ],
20 silly audit   '@lezer/lr': [ '1.4.1' ],
20 silly audit   '@lmdb/lmdb-darwin-arm64': [ '2.8.5' ],
20 silly audit   '@lmdb/lmdb-darwin-x64': [ '2.8.5' ],
20 silly audit   '@lmdb/lmdb-linux-arm': [ '2.8.5' ],
20 silly audit   '@lmdb/lmdb-linux-arm64': [ '2.8.5' ],
20 silly audit   '@lmdb/lmdb-linux-x64': [ '2.8.5' ],
20 silly audit   '@lmdb/lmdb-win32-x64': [ '2.8.5' ],
20 silly audit   '@mischnic/json-sourcemap': [ '0.1.1' ],
20 silly audit   '@msgpackr-extract/msgpackr-extract-darwin-arm64': [ '3.0.3' ],
20 silly audit   '@msgpackr-extract/msgpackr-extract-darwin-x64': [ '3.0.3' ],
20 silly audit   '@msgpackr-extract/msgpackr-extract-linux-arm': [ '3.0.3' ],
20 silly audit   '@msgpackr-extract/msgpackr-extract-linux-arm64': [ '3.0.3' ],
20 silly audit   '@msgpackr-extract/msgpackr-extract-linux-x64': [ '3.0.3' ],
20 silly audit   '@msgpackr-extract/msgpackr-extract-win32-x64': [ '3.0.3' ],
20 silly audit   '@nodelib/fs.scandir': [ '2.1.5' ],
20 silly audit   '@nodelib/fs.stat': [ '2.0.5' ],
20 silly audit   '@nodelib/fs.walk': [ '1.2.8' ],
20 silly audit   '@parcel/bundler-default': [ '2.12.0' ],
20 silly audit   '@parcel/cache': [ '2.12.0' ],
20 silly audit   '@parcel/codeframe': [ '2.12.0' ],
20 silly audit   '@parcel/compressor-raw': [ '2.12.0' ],
20 silly audit   '@parcel/config-default': [ '2.12.0' ],
20 silly audit   '@parcel/core': [ '2.12.0' ],
20 silly audit   '@parcel/diagnostic': [ '2.12.0' ],
20 silly audit   '@parcel/events': [ '2.12.0' ],
20 silly audit   '@parcel/fs': [ '2.12.0' ],
20 silly audit   '@parcel/graph': [ '3.2.0' ],
20 silly audit   '@parcel/logger': [ '2.12.0' ],
20 silly audit   '@parcel/markdown-ansi': [ '2.12.0' ],
20 silly audit   '@parcel/namer-default': [ '2.12.0' ],
20 silly audit   '@parcel/node-resolver-core': [ '3.3.0' ],
20 silly audit   '@parcel/optimizer-css': [ '2.12.0' ],
20 silly audit   '@parcel/optimizer-htmlnano': [ '2.12.0' ],
20 silly audit   '@parcel/optimizer-image': [ '2.12.0' ],
20 silly audit   '@parcel/optimizer-svgo': [ '2.12.0' ],
20 silly audit   '@parcel/optimizer-swc': [ '2.12.0' ],
20 silly audit   '@parcel/package-manager': [ '2.12.0' ],
20 silly audit   '@parcel/packager-css': [ '2.12.0' ],
20 silly audit   '@parcel/packager-html': [ '2.12.0' ],
20 silly audit   '@parcel/packager-js': [ '2.12.0' ],
20 silly audit   '@parcel/packager-raw': [ '2.12.0' ],
20 silly audit   '@parcel/packager-svg': [ '2.12.0' ],
20 silly audit   '@parcel/packager-wasm': [ '2.12.0' ],
20 silly audit   '@parcel/plugin': [ '2.12.0' ],
20 silly audit   '@parcel/profiler': [ '2.12.0' ],
20 silly audit   '@parcel/reporter-cli': [ '2.12.0' ],
20 silly audit   '@parcel/reporter-dev-server': [ '2.12.0' ],
20 silly audit   '@parcel/reporter-tracer': [ '2.12.0' ],
20 silly audit   '@parcel/resolver-default': [ '2.12.0' ],
20 silly audit   '@parcel/runtime-browser-hmr': [ '2.12.0' ],
20 silly audit   '@parcel/runtime-js': [ '2.12.0' ],
20 silly audit   '@parcel/runtime-react-refresh': [ '2.12.0' ],
20 silly audit   '@parcel/runtime-service-worker': [ '2.12.0' ],
20 silly audit   '@parcel/rust': [ '2.12.0' ],
20 silly audit   '@parcel/source-map': [ '2.1.1' ],
20 silly audit   '@parcel/transformer-babel': [ '2.12.0' ],
20 silly audit   '@parcel/transformer-css': [ '2.12.0' ],
20 silly audit   '@parcel/transformer-html': [ '2.12.0' ],
20 silly audit   '@parcel/transformer-image': [ '2.12.0' ],
20 silly audit   '@parcel/transformer-js': [ '2.12.0' ],
20 silly audit   '@parcel/transformer-json': [ '2.12.0' ],
20 silly audit   '@parcel/transformer-postcss': [ '2.12.0' ],
20 silly audit   '@parcel/transformer-posthtml': [ '2.12.0' ],
20 silly audit   '@parcel/transformer-raw': [ '2.12.0' ],
20 silly audit   '@parcel/transformer-react-refresh-wrap': [ '2.12.0' ],
20 silly audit   '@parcel/transformer-svg': [ '2.12.0' ],
20 silly audit   '@parcel/types': [ '2.12.0' ],
20 silly audit   '@parcel/utils': [ '2.12.0' ],
20 silly audit   '@parcel/watcher': [ '2.4.1' ],
20 silly audit   '@parcel/watcher-android-arm64': [ '2.4.1' ],
20 silly audit   '@parcel/watcher-darwin-arm64': [ '2.4.1' ],
20 silly audit   '@parcel/watcher-darwin-x64': [ '2.4.1' ],
20 silly audit   '@parcel/watcher-freebsd-x64': [ '2.4.1' ],
20 silly audit   '@parcel/watcher-linux-arm-glibc': [ '2.4.1' ],
20 silly audit   '@parcel/watcher-linux-arm64-glibc': [ '2.4.1' ],
20 silly audit   '@parcel/watcher-linux-arm64-musl': [ '2.4.1' ],
20 silly audit   '@parcel/watcher-linux-x64-glibc': [ '2.4.1' ],
20 silly audit   '@parcel/watcher-linux-x64-musl': [ '2.4.1' ],
20 silly audit   '@parcel/watcher-win32-arm64': [ '2.4.1' ],
20 silly audit   '@parcel/watcher-win32-ia32': [ '2.4.1' ],
20 silly audit   '@parcel/watcher-win32-x64': [ '2.4.1' ],
20 silly audit   '@parcel/workers': [ '2.12.0' ],
20 silly audit   '@pkgjs/parseargs': [ '0.11.0' ],
20 silly audit   '@remix-run/router': [ '1.18.0' ],
20 silly audit   '@swc/core': [ '1.6.13' ],
20 silly audit   '@swc/core-darwin-arm64': [ '1.6.13' ],
20 silly audit   '@swc/core-darwin-x64': [ '1.6.13' ],
20 silly audit   '@swc/core-linux-arm-gnueabihf': [ '1.6.13' ],
20 silly audit   '@swc/core-linux-arm64-gnu': [ '1.6.13' ],
20 silly audit   '@swc/core-linux-arm64-musl': [ '1.6.13' ],
20 silly audit   '@swc/core-linux-x64-gnu': [ '1.6.13' ],
20 silly audit   '@swc/core-linux-x64-musl': [ '1.6.13' ],
20 silly audit   '@swc/core-win32-arm64-msvc': [ '1.6.13' ],
20 silly audit   '@swc/core-win32-ia32-msvc': [ '1.6.13' ],
20 silly audit   '@swc/core-win32-x64-msvc': [ '1.6.13' ],
20 silly audit   '@swc/counter': [ '0.1.3' ],
20 silly audit   '@swc/helpers': [ '0.5.11' ],
20 silly audit   '@swc/types': [ '0.1.9' ],
20 silly audit   '@trysound/sax': [ '0.2.0' ],
20 silly audit   'abortcontroller-polyfill': [ '1.7.5' ],
20 silly audit   'ansi-regex': [ '6.0.1', '5.0.1' ],
20 silly audit   'any-promise': [ '1.3.0' ],
20 silly audit   anymatch: [ '3.1.3' ],
20 silly audit   arg: [ '5.0.2' ],
20 silly audit   argparse: [ '2.0.1' ],
20 silly audit   asynckit: [ '0.4.0' ],
20 silly audit   axios: [ '1.7.2' ],
20 silly audit   'balanced-match': [ '1.0.2' ],
20 silly audit   'base-x': [ '3.0.10' ],
20 silly audit   'base64-js': [ '1.5.1' ],
20 silly audit   'binary-extensions': [ '2.3.0' ],
20 silly audit   boolbase: [ '1.0.0' ],
20 silly audit   'brace-expansion': [ '2.0.1' ],
20 silly audit   braces: [ '3.0.3' ],
20 silly audit   browserslist: [ '4.23.1' ],
20 silly audit   buffer: [ '6.0.3' ],
20 silly audit   callsites: [ '3.1.0' ],
20 silly audit   'camelcase-css': [ '2.0.1' ],
20 silly audit   'caniuse-lite': [ '1.0.30001640' ],
20 silly audit   chokidar: [ '3.6.0' ],
20 silly audit   'glob-parent': [ '5.1.2', '6.0.2' ],
20 silly audit   'chrome-trace-event': [ '1.0.4' ],
20 silly audit   clone: [ '2.1.2' ],
20 silly audit   'combined-stream': [ '1.0.8' ],
20 silly audit   commander: [ '7.2.0', '4.1.1' ],
20 silly audit   cosmiconfig: [ '9.0.0' ],
20 silly audit   'cross-spawn': [ '7.0.3' ],
20 silly audit   'css-select': [ '4.3.0' ],
20 silly audit   'css-tree': [ '1.1.3' ],
20 silly audit   'css-what': [ '6.1.0' ],
20 silly audit   cssesc: [ '3.0.0' ],
20 silly audit   csso: [ '4.2.0' ],
20 silly audit   'delayed-stream': [ '1.0.0' ],
20 silly audit   'detect-libc': [ '1.0.3', '2.0.3' ],
20 silly audit   didyoumean: [ '1.2.2' ],
20 silly audit   dlv: [ '1.1.3' ],
20 silly audit   'dom-serializer': [ '1.4.1' ],
20 silly audit   entities: [ '2.2.0', '3.0.1' ],
20 silly audit   domelementtype: [ '2.3.0' ],
20 silly audit   domhandler: [ '4.3.1' ],
20 silly audit   domutils: [ '2.8.0' ],
20 silly audit   dotenv: [ '7.0.0' ],
20 silly audit   'dotenv-expand': [ '5.1.0' ],
20 silly audit   eastasianwidth: [ '0.2.0' ],
20 silly audit   'electron-to-chromium': [ '1.4.820' ],
20 silly audit   'emoji-regex': [ '9.2.2', '8.0.0' ],
20 silly audit   'env-paths': [ '2.2.1' ],
20 silly audit   'error-ex': [ '1.3.2' ],
20 silly audit   escalade: [ '3.1.2' ],
20 silly audit   'escape-string-regexp': [ '1.0.5' ],
20 silly audit   'fast-glob': [ '3.3.2' ],
20 silly audit   fastq: [ '1.17.1' ],
20 silly audit   'fill-range': [ '7.1.1' ],
20 silly audit   'follow-redirects': [ '1.15.6' ],
20 silly audit   'foreground-child': [ '3.2.1' ],
20 silly audit   'form-data': [ '4.0.0' ],
20 silly audit   fsevents: [ '2.3.3' ],
20 silly audit   'function-bind': [ '1.1.2' ],
20 silly audit   'get-port': [ '4.2.0' ],
20 silly audit   glob: [ '10.4.5' ],
20 silly audit   globals: [ '13.24.0' ],
20 silly audit   hasown: [ '2.0.2' ],
20 silly audit   htmlnano: [ '2.1.1' ],
20 silly audit   htmlparser2: [ '7.2.0' ],
20 silly audit   ieee754: [ '1.2.1' ],
20 silly audit   'import-fresh': [ '3.3.0' ],
20 silly audit   'is-arrayish': [ '0.2.1' ],
20 silly audit   'is-binary-path': [ '2.1.0' ],
20 silly audit   'is-core-module': [ '2.14.0' ],
20 silly audit   'is-extglob': [ '2.1.1' ],
20 silly audit   'is-fullwidth-code-point': [ '3.0.0' ],
20 silly audit   'is-glob': [ '4.0.3' ],
20 silly audit   'is-json': [ '2.0.1' ],
20 silly audit   'is-number': [ '7.0.0' ],
20 silly audit   isexe: [ '2.0.0' ],
20 silly audit   jackspeak: [ '3.4.3' ],
20 silly audit   jiti: [ '1.21.6' ],
20 silly audit   'js-tokens': [ '4.0.0' ],
20 silly audit   'js-yaml': [ '4.1.0' ],
20 silly audit   'json-parse-even-better-errors': [ '2.3.1' ],
20 silly audit   json5: [ '2.2.3' ],
20 silly audit   lightningcss: [ '1.25.1' ],
20 silly audit   'lightningcss-darwin-arm64': [ '1.25.1' ],
20 silly audit   'lightningcss-darwin-x64': [ '1.25.1' ],
20 silly audit   'lightningcss-freebsd-x64': [ '1.25.1' ],
20 silly audit   'lightningcss-linux-arm-gnueabihf': [ '1.25.1' ],
20 silly audit   'lightningcss-linux-arm64-gnu': [ '1.25.1' ],
20 silly audit   'lightningcss-linux-arm64-musl': [ '1.25.1' ],
20 silly audit   'lightningcss-linux-x64-gnu': [ '1.25.1' ],
20 silly audit   'lightningcss-linux-x64-musl': [ '1.25.1' ],
20 silly audit   'lightningcss-win32-x64-msvc': [ '1.25.1' ],
20 silly audit   lilconfig: [ '2.1.0', '3.1.2' ],
20 silly audit   'lines-and-columns': [ '1.2.4' ],
20 silly audit   lmdb: [ '2.8.5' ],
20 silly audit   'node-addon-api': [ '6.1.0', '7.1.0' ],
20 silly audit   'loose-envify': [ '1.4.0' ],
20 silly audit   'lru-cache': [ '10.4.3' ],
20 silly audit   'mdn-data': [ '2.0.14' ],
20 silly audit   merge2: [ '1.4.1' ],
20 silly audit   micromatch: [ '4.0.7' ],
20 silly audit   'mime-db': [ '1.52.0' ],
20 silly audit   'mime-types': [ '2.1.35' ],
20 silly audit   minimatch: [ '9.0.5' ],
20 silly audit   minipass: [ '7.1.2' ],
20 silly audit   msgpackr: [ '1.10.2' ],
20 silly audit   'msgpackr-extract': [ '3.0.3' ],
20 silly audit   'node-gyp-build-optional-packages': [ '5.2.2', '5.1.1' ],
20 silly audit   mz: [ '2.7.0' ],
20 silly audit   nanoid: [ '3.3.7' ],
20 silly audit   'node-releases': [ '2.0.14' ],
20 silly audit   'normalize-path': [ '3.0.0' ],
20 silly audit   'nth-check': [ '2.1.1' ],
20 silly audit   nullthrows: [ '1.1.1' ],
20 silly audit   'object-assign': [ '4.1.1' ],
20 silly audit   'object-hash': [ '3.0.0' ],
20 silly audit   'ordered-binary': [ '1.5.1' ],
20 silly audit   'package-json-from-dist': [ '1.0.0' ],
20 silly audit   parcel: [ '2.12.0' ],
20 silly audit   'parent-module': [ '1.0.1' ],
20 silly audit   'parse-json': [ '5.2.0' ],
20 silly audit   'path-key': [ '3.1.1' ],
20 silly audit   'path-parse': [ '1.0.7' ],
20 silly audit   'path-scurry': [ '1.11.1' ],
20 silly audit   picocolors: [ '1.0.1' ],
20 silly audit   picomatch: [ '2.3.1' ],
20 silly audit   pify: [ '2.3.0' ],
20 silly audit   pirates: [ '4.0.6' ],
20 silly audit   postcss: [ '8.4.39' ],
20 silly audit   'postcss-import': [ '15.1.0' ],
20 silly audit   'postcss-js': [ '4.0.1' ],
20 silly audit   'postcss-load-config': [ '4.0.2' ],
20 silly audit   'postcss-nested': [ '6.0.1' ],
20 silly audit   'postcss-selector-parser': [ '6.1.1' ],
20 silly audit   'postcss-value-parser': [ '4.2.0' ],
20 silly audit   posthtml: [ '0.16.6' ],
20 silly audit   'posthtml-parser': [ '0.10.2', '0.11.0' ],
20 silly audit   'posthtml-render': [ '3.0.0' ],
20 silly audit   process: [ '0.11.10' ],
20 silly audit   'proxy-from-env': [ '1.1.0' ],
20 silly audit   'queue-microtask': [ '1.2.3' ],
20 silly audit   react: [ '18.3.1' ],
20 silly audit   'react-dom': [ '18.3.1' ],
20 silly audit   'react-error-overlay': [ '6.0.9' ],
20 silly audit   'react-refresh': [ '0.9.0' ],
20 silly audit   'react-router': [ '6.25.1' ],
20 silly audit   'react-router-dom': [ '6.25.1' ],
20 silly audit   'read-cache': [ '1.0.0' ],
20 silly audit   readdirp: [ '3.6.0' ],
20 silly audit   'regenerator-runtime': [ '0.13.11' ],
20 silly audit   resolve: [ '1.22.8' ],
20 silly audit   'resolve-from': [ '4.0.0' ],
20 silly audit   reusify: [ '1.0.4' ],
20 silly audit   'run-parallel': [ '1.2.0' ],
20 silly audit   'safe-buffer': [ '5.2.1' ],
20 silly audit   scheduler: [ '0.23.2' ],
20 silly audit   semver: [ '7.6.2' ],
20 silly audit   'shebang-command': [ '2.0.0' ],
20 silly audit   'shebang-regex': [ '3.0.0' ],
20 silly audit   'signal-exit': [ '4.1.0' ],
20 silly audit   'source-map': [ '0.6.1' ],
20 silly audit   'source-map-js': [ '1.2.0' ],
20 silly audit   srcset: [ '4.0.0' ],
20 silly audit   stable: [ '0.1.8' ],
20 silly audit   'string-width': [ '5.1.2', '4.2.3' ],
20 silly audit   'strip-ansi': [ '6.0.1', '7.1.0' ],
20 silly audit   sucrase: [ '3.35.0' ],
20 silly audit   'supports-preserve-symlinks-flag': [ '1.0.0' ],
20 silly audit   svgo: [ '2.8.0' ],
20 silly audit   tailwindcss: [ '3.4.4' ],
20 silly audit   'term-size': [ '2.2.1' ],
20 silly audit   thenify: [ '3.3.1' ],
20 silly audit   'thenify-all': [ '1.6.0' ],
20 silly audit   timsort: [ '0.3.0' ],
20 silly audit   'to-regex-range': [ '5.0.1' ],
20 silly audit   'ts-interface-checker': [ '0.1.13' ],
20 silly audit   tslib: [ '2.6.3' ],
20 silly audit   'type-fest': [ '0.20.2' ],
20 silly audit   'update-browserslist-db': [ '1.1.0' ],
20 silly audit   'util-deprecate': [ '1.0.2' ],
20 silly audit   'utility-types': [ '3.11.0' ],
20 silly audit   'weak-lru-cache': [ '1.2.2' ],
20 silly audit   which: [ '2.0.2' ],
20 silly audit   'wrap-ansi': [ '8.1.0', '7.0.0' ],
20 silly audit   yaml: [ '2.4.5' ],
20 silly audit   'react-icons': [ '5.2.1' ]
20 silly audit }
21 verbose reify failed optional dependency D:\ReactClasses\swiggy\node_modules\lightningcss-linux-x64-musl
22 silly reify mark deleted [
22 silly reify   'D:\\ReactClasses\\swiggy\\node_modules\\lightningcss-linux-x64-musl'
22 silly reify ]
23 verbose reify failed optional dependency D:\ReactClasses\swiggy\node_modules\lightningcss-linux-x64-gnu
24 silly reify mark deleted [
24 silly reify   'D:\\ReactClasses\\swiggy\\node_modules\\lightningcss-linux-x64-gnu'
24 silly reify ]
25 verbose reify failed optional dependency D:\ReactClasses\swiggy\node_modules\lightningcss-linux-arm64-musl
26 silly reify mark deleted [
26 silly reify   'D:\\ReactClasses\\swiggy\\node_modules\\lightningcss-linux-arm64-musl'
26 silly reify ]
27 verbose reify failed optional dependency D:\ReactClasses\swiggy\node_modules\lightningcss-linux-arm64-gnu
28 silly reify mark deleted [
28 silly reify   'D:\\ReactClasses\\swiggy\\node_modules\\lightningcss-linux-arm64-gnu'
28 silly reify ]
29 verbose reify failed optional dependency D:\ReactClasses\swiggy\node_modules\lightningcss-linux-arm-gnueabihf
30 silly reify mark deleted [
30 silly reify   'D:\\ReactClasses\\swiggy\\node_modules\\lightningcss-linux-arm-gnueabihf'
30 silly reify ]
31 verbose reify failed optional dependency D:\ReactClasses\swiggy\node_modules\lightningcss-freebsd-x64
32 silly reify mark deleted [ 'D:\\ReactClasses\\swiggy\\node_modules\\lightningcss-freebsd-x64' ]
33 verbose reify failed optional dependency D:\ReactClasses\swiggy\node_modules\lightningcss-darwin-x64
34 silly reify mark deleted [ 'D:\\ReactClasses\\swiggy\\node_modules\\lightningcss-darwin-x64' ]
35 verbose reify failed optional dependency D:\ReactClasses\swiggy\node_modules\lightningcss-darwin-arm64
36 silly reify mark deleted [ 'D:\\ReactClasses\\swiggy\\node_modules\\lightningcss-darwin-arm64' ]
37 verbose reify failed optional dependency D:\ReactClasses\swiggy\node_modules\fsevents
38 silly reify mark deleted [ 'D:\\ReactClasses\\swiggy\\node_modules\\fsevents' ]
39 verbose reify failed optional dependency D:\ReactClasses\swiggy\node_modules\@swc\core-win32-ia32-msvc
40 silly reify mark deleted [
40 silly reify   'D:\\ReactClasses\\swiggy\\node_modules\\@swc\\core-win32-ia32-msvc'
40 silly reify ]
41 verbose reify failed optional dependency D:\ReactClasses\swiggy\node_modules\@swc\core-win32-arm64-msvc
42 silly reify mark deleted [
42 silly reify   'D:\\ReactClasses\\swiggy\\node_modules\\@swc\\core-win32-arm64-msvc'
42 silly reify ]
43 verbose reify failed optional dependency D:\ReactClasses\swiggy\node_modules\@swc\core-linux-x64-musl
44 silly reify mark deleted [ 'D:\\ReactClasses\\swiggy\\node_modules\\@swc\\core-linux-x64-musl' ]
45 verbose reify failed optional dependency D:\ReactClasses\swiggy\node_modules\@swc\core-linux-x64-gnu
46 silly reify mark deleted [ 'D:\\ReactClasses\\swiggy\\node_modules\\@swc\\core-linux-x64-gnu' ]
47 verbose reify failed optional dependency D:\ReactClasses\swiggy\node_modules\@swc\core-linux-arm64-musl
48 silly reify mark deleted [
48 silly reify   'D:\\ReactClasses\\swiggy\\node_modules\\@swc\\core-linux-arm64-musl'
48 silly reify ]
49 verbose reify failed optional dependency D:\ReactClasses\swiggy\node_modules\@swc\core-linux-arm64-gnu
50 silly reify mark deleted [
50 silly reify   'D:\\ReactClasses\\swiggy\\node_modules\\@swc\\core-linux-arm64-gnu'
50 silly reify ]
51 verbose reify failed optional dependency D:\ReactClasses\swiggy\node_modules\@swc\core-linux-arm-gnueabihf
52 silly reify mark deleted [
52 silly reify   'D:\\ReactClasses\\swiggy\\node_modules\\@swc\\core-linux-arm-gnueabihf'
52 silly reify ]
53 verbose reify failed optional dependency D:\ReactClasses\swiggy\node_modules\@swc\core-darwin-x64
54 silly reify mark deleted [ 'D:\\ReactClasses\\swiggy\\node_modules\\@swc\\core-darwin-x64' ]
55 verbose reify failed optional dependency D:\ReactClasses\swiggy\node_modules\@swc\core-darwin-arm64
56 silly reify mark deleted [ 'D:\\ReactClasses\\swiggy\\node_modules\\@swc\\core-darwin-arm64' ]
57 verbose reify failed optional dependency D:\ReactClasses\swiggy\node_modules\@parcel\watcher-win32-ia32
58 silly reify mark deleted [
58 silly reify   'D:\\ReactClasses\\swiggy\\node_modules\\@parcel\\watcher-win32-ia32'
58 silly reify ]
59 verbose reify failed optional dependency D:\ReactClasses\swiggy\node_modules\@parcel\watcher-win32-arm64
60 silly reify mark deleted [
60 silly reify   'D:\\ReactClasses\\swiggy\\node_modules\\@parcel\\watcher-win32-arm64'
60 silly reify ]
61 verbose reify failed optional dependency D:\ReactClasses\swiggy\node_modules\@parcel\watcher-linux-x64-musl
62 silly reify mark deleted [
62 silly reify   'D:\\ReactClasses\\swiggy\\node_modules\\@parcel\\watcher-linux-x64-musl'
62 silly reify ]
63 verbose reify failed optional dependency D:\ReactClasses\swiggy\node_modules\@parcel\watcher-linux-x64-glibc
64 silly reify mark deleted [
64 silly reify   'D:\\ReactClasses\\swiggy\\node_modules\\@parcel\\watcher-linux-x64-glibc'
64 silly reify ]
65 verbose reify failed optional dependency D:\ReactClasses\swiggy\node_modules\@parcel\watcher-linux-arm64-musl
66 silly reify mark deleted [
66 silly reify   'D:\\ReactClasses\\swiggy\\node_modules\\@parcel\\watcher-linux-arm64-musl'
66 silly reify ]
67 verbose reify failed optional dependency D:\ReactClasses\swiggy\node_modules\@parcel\watcher-linux-arm64-glibc
68 silly reify mark deleted [
68 silly reify   'D:\\ReactClasses\\swiggy\\node_modules\\@parcel\\watcher-linux-arm64-glibc'
68 silly reify ]
69 verbose reify failed optional dependency D:\ReactClasses\swiggy\node_modules\@parcel\watcher-linux-arm-glibc
70 silly reify mark deleted [
70 silly reify   'D:\\ReactClasses\\swiggy\\node_modules\\@parcel\\watcher-linux-arm-glibc'
70 silly reify ]
71 verbose reify failed optional dependency D:\ReactClasses\swiggy\node_modules\@parcel\watcher-freebsd-x64
72 silly reify mark deleted [
72 silly reify   'D:\\ReactClasses\\swiggy\\node_modules\\@parcel\\watcher-freebsd-x64'
72 silly reify ]
73 verbose reify failed optional dependency D:\ReactClasses\swiggy\node_modules\@parcel\watcher-darwin-x64
74 silly reify mark deleted [
74 silly reify   'D:\\ReactClasses\\swiggy\\node_modules\\@parcel\\watcher-darwin-x64'
74 silly reify ]
75 verbose reify failed optional dependency D:\ReactClasses\swiggy\node_modules\@parcel\watcher-darwin-arm64
76 silly reify mark deleted [
76 silly reify   'D:\\ReactClasses\\swiggy\\node_modules\\@parcel\\watcher-darwin-arm64'
76 silly reify ]
77 verbose reify failed optional dependency D:\ReactClasses\swiggy\node_modules\@parcel\watcher-android-arm64
78 silly reify mark deleted [
78 silly reify   'D:\\ReactClasses\\swiggy\\node_modules\\@parcel\\watcher-android-arm64'
78 silly reify ]
79 verbose reify failed optional dependency D:\ReactClasses\swiggy\node_modules\@msgpackr-extract\msgpackr-extract-linux-x64
80 silly reify mark deleted [
80 silly reify   'D:\\ReactClasses\\swiggy\\node_modules\\@msgpackr-extract\\msgpackr-extract-linux-x64'
80 silly reify ]
81 verbose reify failed optional dependency D:\ReactClasses\swiggy\node_modules\@msgpackr-extract\msgpackr-extract-linux-arm64
82 silly reify mark deleted [
82 silly reify   'D:\\ReactClasses\\swiggy\\node_modules\\@msgpackr-extract\\msgpackr-extract-linux-arm64'
82 silly reify ]
83 verbose reify failed optional dependency D:\ReactClasses\swiggy\node_modules\@msgpackr-extract\msgpackr-extract-linux-arm
84 silly reify mark deleted [
84 silly reify   'D:\\ReactClasses\\swiggy\\node_modules\\@msgpackr-extract\\msgpackr-extract-linux-arm'
84 silly reify ]
85 verbose reify failed optional dependency D:\ReactClasses\swiggy\node_modules\@msgpackr-extract\msgpackr-extract-darwin-x64
86 silly reify mark deleted [
86 silly reify   'D:\\ReactClasses\\swiggy\\node_modules\\@msgpackr-extract\\msgpackr-extract-darwin-x64'
86 silly reify ]
87 verbose reify failed optional dependency D:\ReactClasses\swiggy\node_modules\@msgpackr-extract\msgpackr-extract-darwin-arm64
88 silly reify mark deleted [
88 silly reify   'D:\\ReactClasses\\swiggy\\node_modules\\@msgpackr-extract\\msgpackr-extract-darwin-arm64'
88 silly reify ]
89 verbose reify failed optional dependency D:\ReactClasses\swiggy\node_modules\@lmdb\lmdb-linux-x64
90 silly reify mark deleted [ 'D:\\ReactClasses\\swiggy\\node_modules\\@lmdb\\lmdb-linux-x64' ]
91 verbose reify failed optional dependency D:\ReactClasses\swiggy\node_modules\@lmdb\lmdb-linux-arm64
92 silly reify mark deleted [ 'D:\\ReactClasses\\swiggy\\node_modules\\@lmdb\\lmdb-linux-arm64' ]
93 verbose reify failed optional dependency D:\ReactClasses\swiggy\node_modules\@lmdb\lmdb-linux-arm
94 silly reify mark deleted [ 'D:\\ReactClasses\\swiggy\\node_modules\\@lmdb\\lmdb-linux-arm' ]
95 verbose reify failed optional dependency D:\ReactClasses\swiggy\node_modules\@lmdb\lmdb-darwin-x64
96 silly reify mark deleted [ 'D:\\ReactClasses\\swiggy\\node_modules\\@lmdb\\lmdb-darwin-x64' ]
97 verbose reify failed optional dependency D:\ReactClasses\swiggy\node_modules\@lmdb\lmdb-darwin-arm64
98 silly reify mark deleted [ 'D:\\ReactClasses\\swiggy\\node_modules\\@lmdb\\lmdb-darwin-arm64' ]
99 silly tarball no local data for react-icons@https://registry.npmjs.org/react-icons/-/react-icons-5.2.1.tgz. Extracting by manifest.
100 http fetch POST 200 https://registry.npmjs.org/-/npm/v1/security/advisories/bulk 537ms
101 silly audit report {}
102 http fetch GET 200 https://registry.npmjs.org/react-icons/-/react-icons-5.2.1.tgz 39816ms (cache miss)
103 silly ADD node_modules/react-icons
104 silly ADD
105 silly ADD
106 silly ADD
107 silly ADD
108 silly ADD
109 silly ADD
110 silly ADD
111 silly ADD
112 silly ADD
113 silly ADD
114 silly ADD
115 silly ADD
116 silly ADD
117 silly ADD
118 silly ADD
119 silly ADD
120 silly ADD
121 silly ADD
122 silly ADD
123 silly ADD
124 silly ADD
125 silly ADD
126 silly ADD
127 silly ADD
128 silly ADD
129 silly ADD
130 silly ADD
131 silly ADD
132 silly ADD
133 silly ADD
134 silly ADD
135 silly ADD
136 silly ADD
137 silly ADD
138 silly ADD
139 silly ADD
140 silly ADD
141 silly ADD
142 silly ADD
143 verbose cwd D:\ReactClasses\swiggy\src\components
144 verbose os Windows_NT 10.0.19045
145 verbose node v20.15.1
146 verbose npm  v10.8.1
147 verbose exit 0
148 info ok
